mkdir: cannot create directory ‘../log/mnist_0vsall_5’: File exists
Options:
R_update_solver : minimize_scalar
cifar10_normal  : 0
n_epochs        : 150
mnist_architecture: 1
in_name         : 
ae_lr_drop      : 0
lr_decay_after_epoch: 10
e1_diagnostics  : 1
ae_lr_drop_factor: 10
out_frac        : 0
ae_lr_drop_in_epoch: 50
mnist_bias      : 1
pretrain        : 0
seed            : 0
use_batch_norm  : 1
mnist_normal    : 0
nnet_diagnostics: 1
weight_decay    : 1
lr_drop_in_epoch: 50
zca_whitening   : 0
gcn             : 1
save_at         : 0
cifar10_bias    : 1
ae_weight_decay : 1
lr_drop_factor  : 10
mnist_outlier   : -1
c_mean_init     : 1
lr_drop         : 1
center_fixed    : 1
gtsrb_rep_dim   : 32
R_update_lp_obj : primal
ad_experiment   : 1
lr              : 0.0001
cifar10_architecture: 1
pca             : 0
lr_decay        : 0
momentum        : 0.9
unit_norm_used  : l1
C               : 1000000.0
reconstruction_penalty: 0
nu              : 0.1
cifar10_rep_dim : 32
dropout         : 0
mnist_val_frac  : 0.166666666667
batch_size      : 200
block_coordinate: 0
ae_diagnostics  : 1
warm_up_n_epochs: 10
c_mean_init_n_batches: -1
C_rec           : 1000.0
device          : cpu
dataset         : mnist
k_update_epochs : 5
ae_C            : 1000.0
loss            : svdd
mnist_rep_dim   : 32
solver          : adam
R_update_scalar_method: bounded
xp_dir          : ../log/mnist_0vsall_5
dropout_arch    : 0
leaky_relu      : 1
weight_dict_init: 1
out_name        : 
cifar10_outlier : 1
hard_margin     : 1
ae_loss         : l2
Loading data...
MNIST data loaded... size = (70000, 1, 28, 28)
Files already downloaded and verified
Files already downloaded and verified
CIFAR-10 data loaded... size = (60000, 1, 28, 28)
MNIST data loaded... size = (70000, 1, 28, 28)
Files already downloaded and verified
Files already downloaded and verified
CIFAR-10 data loaded... size = (60000, 1, 28, 28)
[F[KData loaded.
Learning dictionary for weight initialization...
[dict_learning] ........................................................................................................................................................................................................................................................................................................................................................................................................................................................................................................................................................................................................................................................................................................................................................................................................................................................................................................................................................................................................................................Dictionary learned.
Starting training with adam
Initializing c...
c initialized.
Train AUC:                       93.15%
Test AUC:                        99.49%
Train AUC:                       51.17%
Test AUC:                        74.65%
Train AUC:                       35.12%
Test AUC:                        52.71%
Train AUC:                       30.43%
Test AUC:                        42.40%
Train AUC:                       27.86%
Test AUC:                        37.52%
Train AUC:                       26.92%
Test AUC:                        36.10%
Train AUC:                       27.11%
Test AUC:                        36.67%
Train AUC:                       28.29%
Test AUC:                        38.35%
Train AUC:                       29.57%
Test AUC:                        40.30%
Train AUC:                       31.60%
Test AUC:                        42.70%
Train AUC:                       33.66%
Test AUC:                        45.22%
Train AUC:                       36.17%
Test AUC:                        48.35%
Train AUC:                       38.66%
Test AUC:                        52.02%
Train AUC:                       40.09%
Test AUC:                        54.87%
Train AUC:                       41.33%
Test AUC:                        57.15%
Train AUC:                       42.69%
Test AUC:                        59.05%
Train AUC:                       44.07%
Test AUC:                        60.73%
Train AUC:                       45.48%
Test AUC:                        62.22%
Train AUC:                       47.12%
Test AUC:                        63.97%
Train AUC:                       48.87%
Test AUC:                        66.06%
Train AUC:                       50.32%
Test AUC:                        67.60%
Train AUC:                       51.67%
Test AUC:                        69.23%
Train AUC:                       53.05%
Test AUC:                        70.74%
Train AUC:                       54.49%
Test AUC:                        72.44%
Train AUC:                       55.88%
Test AUC:                        74.13%
Train AUC:                       57.42%
Test AUC:                        75.59%
Train AUC:                       58.78%
Test AUC:                        77.00%
Train AUC:                       60.18%
Test AUC:                        78.33%
Train AUC:                       61.46%
Test AUC:                        79.47%
Train AUC:                       62.69%
Test AUC:                        80.56%
Train AUC:                       63.88%
Test AUC:                        81.66%
Train AUC:                       64.93%
Test AUC:                        82.64%
Train AUC:                       66.08%
Test AUC:                        83.55%
Train AUC:                       67.07%
Test AUC:                        84.40%
Train AUC:                       67.97%
Test AUC:                        85.14%
Train AUC:                       68.87%
Test AUC:                        85.90%
Train AUC:                       69.61%
Test AUC:                        86.52%
Train AUC:                       70.38%
Test AUC:                        87.11%
Train AUC:                       71.15%
Test AUC:                        87.72%
Train AUC:                       71.85%
Test AUC:                        88.34%
Train AUC:                       72.54%
Test AUC:                        88.87%
Train AUC:                       73.17%
Test AUC:                        89.37%
Train AUC:                       73.70%
Test AUC:                        89.84%
Train AUC:                       74.29%
Test AUC:                        90.34%
Train AUC:                       74.80%
Test AUC:                        90.83%
Train AUC:                       75.32%
Test AUC:                        91.26%
Train AUC:                       75.82%
Test AUC:                        91.66%
Train AUC:                       76.29%
Test AUC:                        92.09%
Train AUC:                       76.68%
Test AUC:                        92.46%
Train AUC:                       77.12%
Test AUC:                        92.85%
Train AUC:                       77.52%
Test AUC:                        93.16%
Train AUC:                       77.97%
Test AUC:                        93.56%
Train AUC:                       78.42%
Test AUC:                        93.94%
Train AUC:                       78.83%
Test AUC:                        94.29%
Train AUC:                       79.16%
Test AUC:                        94.56%
Train AUC:                       79.51%
Test AUC:                        94.84%
Train AUC:                       79.83%
Test AUC:                        95.09%
Train AUC:                       80.16%
Test AUC:                        95.34%
Train AUC:                       80.43%
Test AUC:                        95.53%
Train AUC:                       80.70%
Test AUC:                        95.75%
Train AUC:                       80.95%
Test AUC:                        95.94%
Train AUC:                       81.23%
Test AUC:                        96.14%
Train AUC:                       81.41%
Test AUC:                        96.27%
Train AUC:                       81.60%
Test AUC:                        96.44%
Train AUC:                       81.81%
Test AUC:                        96.57%
Train AUC:                       81.96%
Test AUC:                        96.66%
Train AUC:                       82.14%
Test AUC:                        96.77%
Train AUC:                       82.31%
Test AUC:                        96.87%
Train AUC:                       82.45%
Test AUC:                        96.97%
Train AUC:                       82.63%
Test AUC:                        97.08%
Train AUC:                       82.82%
Test AUC:                        97.16%
Train AUC:                       82.98%
Test AUC:                        97.25%
Train AUC:                       83.13%
Test AUC:                        97.31%
Train AUC:                       83.33%
Test AUC:                        97.40%
Train AUC:                       83.58%
Test AUC:                        97.52%
Train AUC:                       83.73%
Test AUC:                        97.58%
Train AUC:                       83.91%
Test AUC:                        97.64%
Train AUC:                       84.09%
Test AUC:                        97.69%
Train AUC:                       84.24%
Test AUC:                        97.74%
Train AUC:                       84.35%
Test AUC:                        97.77%
Train AUC:                       84.50%
Test AUC:                        97.81%
Train AUC:                       84.64%
Test AUC:                        97.87%
Train AUC:                       84.81%
Test AUC:                        97.92%
Train AUC:                       84.96%
Test AUC:                        97.96%
Train AUC:                       85.08%
Test AUC:                        98.01%
Train AUC:                       85.21%
Test AUC:                        98.04%
Train AUC:                       85.31%
Test AUC:                        98.06%
Train AUC:                       85.47%
Test AUC:                        98.14%
Train AUC:                       85.64%
Test AUC:                        98.19%
Train AUC:                       85.84%
Test AUC:                        98.25%
Train AUC:                       85.97%
Test AUC:                        98.29%
Train AUC:                       86.09%
Test AUC:                        98.33%
Train AUC:                       86.24%
Test AUC:                        98.36%
Train AUC:                       86.36%
Test AUC:                        98.37%
Train AUC:                       86.51%
Test AUC:                        98.42%
Train AUC:                       86.71%
Test AUC:                        98.46%
Train AUC:                       86.83%
Test AUC:                        98.49%
Train AUC:                       87.06%
Test AUC:                        98.55%
Train AUC:                       87.19%
Test AUC:                        98.58%
Train AUC:                       87.29%
Test AUC:                        98.59%
Train AUC:                       87.42%
Test AUC:                        98.62%
Train AUC:                       87.52%
Test AUC:                        98.64%
Train AUC:                       87.61%
Test AUC:                        98.65%
Train AUC:                       87.73%
Test AUC:                        98.67%
Train AUC:                       87.84%
Test AUC:                        98.68%
Train AUC:                       87.92%
Test AUC:                        98.69%
Train AUC:                       88.01%
Test AUC:                        98.70%
Train AUC:                       88.12%
Test AUC:                        98.71%
Train AUC:                       88.20%
Test AUC:                        98.72%
Train AUC:                       88.28%
Test AUC:                        98.73%
Train AUC:                       88.42%
Test AUC:                        98.76%
Train AUC:                       88.49%
Test AUC:                        98.77%
Train AUC:                       88.62%
Test AUC:                        98.79%
Train AUC:                       88.79%
Test AUC:                        98.81%
Train AUC:                       88.90%
Test AUC:                        98.82%
Train AUC:                       88.94%
Test AUC:                        98.81%
Train AUC:                       89.04%
Test AUC:                        98.83%
Train AUC:                       89.13%
Test AUC:                        98.82%
Train AUC:                       89.24%
Test AUC:                        98.83%
Train AUC:                       89.27%
Test AUC:                        98.82%
Train AUC:                       89.31%
Test AUC:                        98.80%
Train AUC:                       89.46%
Test AUC:                        98.83%
Train AUC:                       89.62%
Test AUC:                        98.87%
Train AUC:                       89.70%
Test AUC:                        98.88%
Train AUC:                       89.84%
Test AUC:                        98.91%
Train AUC:                       89.92%
Test AUC:                        98.91%
Train AUC:                       90.08%
Test AUC:                        98.93%
Train AUC:                       90.23%
Test AUC:                        98.96%
Train AUC:                       90.38%
Test AUC:                        98.97%
Train AUC:                       90.55%
Test AUC:                        99.00%
Train AUC:                       90.65%
Test AUC:                        99.01%
Train AUC:                       90.71%
Test AUC:                        99.02%
Train AUC:                       90.85%
Test AUC:                        99.04%
Train AUC:                       90.94%
Test AUC:                        99.06%
Train AUC:                       91.03%
Test AUC:                        99.06%
Train AUC:                       91.10%
Test AUC:                        99.06%
Train AUC:                       91.17%
Test AUC:                        99.07%
Train AUC:                       91.25%
Test AUC:                        99.08%
Train AUC:                       91.35%
Test AUC:                        99.09%
Train AUC:                       91.46%
Test AUC:                        99.11%
Train AUC:                       91.61%
Test AUC:                        99.13%
Train AUC:                       91.77%
Test AUC:                        99.15%
Train AUC:                       91.88%
Test AUC:                        99.16%
Train AUC:                       92.00%
Test AUC:                        99.18%
Train AUC:                       92.13%
Test AUC:                        99.19%
Train AUC:                       92.30%
Test AUC:                        99.21%
Train AUC:                       92.42%
Test AUC:                        99.22%
Train AUC:                       92.52%
Test AUC:                        99.23%
Train AUC:                       92.68%
Test AUC:                        99.26%
Train AUC:                       92.82%
Test AUC:                        99.28%
Train AUC:                       92.96%
Test AUC:                        99.30%
Train AUC:                       93.08%
Test AUC:                        99.31%
Train AUC:                       93.20%
Test AUC:                        99.33%
Train AUC:                       93.28%
Test AUC:                        99.34%
Train AUC:                       93.37%
Test AUC:                        99.33%
Train AUC:                       93.46%
Test AUC:                        99.34%
Train AUC:                       93.58%
Test AUC:                        99.35%
Train AUC:                       93.66%
Test AUC:                        99.35%
Train AUC:                       93.68%
Test AUC:                        99.33%
Train AUC:                       93.77%
Test AUC:                        99.34%
Train AUC:                       93.84%
Test AUC:                        99.34%
Train AUC:                       93.87%
Test AUC:                        99.33%
Train AUC:                       93.94%
Test AUC:                        99.33%
Train AUC:                       94.01%
Test AUC:                        99.33%
Train AUC:                       94.08%
Test AUC:                        99.33%
Train AUC:                       94.15%
Test AUC:                        99.33%
Train AUC:                       94.24%
Test AUC:                        99.33%
Train AUC:                       94.30%
Test AUC:                        99.33%
Train AUC:                       94.31%
Test AUC:                        99.32%
Train AUC:                       94.37%
Test AUC:                        99.32%
Train AUC:                       94.44%
Test AUC:                        99.33%
Train AUC:                       94.56%
Test AUC:                        99.34%
Train AUC:                       94.62%
Test AUC:                        99.34%
Train AUC:                       94.73%
Test AUC:                        99.35%
Train AUC:                       94.81%
Test AUC:                        99.36%
Train AUC:                       94.90%
Test AUC:                        99.37%
Train AUC:                       94.97%
Test AUC:                        99.37%
Train AUC:                       95.02%
Test AUC:                        99.37%
Train AUC:                       95.11%
Test AUC:                        99.37%
Train AUC:                       95.21%
Test AUC:                        99.38%
Train AUC:                       95.32%
Test AUC:                        99.39%
Train AUC:                       95.39%
Test AUC:                        99.38%
Train AUC:                       95.50%
Test AUC:                        99.39%
Train AUC:                       95.58%
Test AUC:                        99.39%
Train AUC:                       95.64%
Test AUC:                        99.40%
Train AUC:                       95.69%
Test AUC:                        99.39%
Train AUC:                       95.78%
Test AUC:                        99.40%
Train AUC:                       95.86%
Test AUC:                        99.41%
Train AUC:                       95.88%
Test AUC:                        99.40%
Train AUC:                       95.96%
Test AUC:                        99.42%
Train AUC:                       96.03%
Test AUC:                        99.42%
Train AUC:                       96.06%
Test AUC:                        99.42%
Train AUC:                       96.10%
Test AUC:                        99.42%
Train AUC:                       96.15%
Test AUC:                        99.42%
Train AUC:                       96.22%
Test AUC:                        99.42%
Train AUC:                       96.25%
Test AUC:                        99.42%
Train AUC:                       96.29%
Test AUC:                        99.42%
Train AUC:                       96.33%
Test AUC:                        99.42%
Train AUC:                       96.38%
Test AUC:                        99.42%
Train AUC:                       96.40%
Test AUC:                        99.42%
Train AUC:                       96.44%
Test AUC:                        99.42%
Train AUC:                       96.48%
Test AUC:                        99.42%
Train AUC:                       96.55%
Test AUC:                        99.43%
Train AUC:                       96.57%
Test AUC:                        99.42%
Train AUC:                       96.62%
Test AUC:                        99.43%
Train AUC:                       96.64%
Test AUC:                        99.42%
Train AUC:                       96.69%
Test AUC:                        99.42%
Train AUC:                       96.75%
Test AUC:                        99.43%
Train AUC:                       96.78%
Test AUC:                        99.42%
Train AUC:                       96.81%
Test AUC:                        99.42%
Train AUC:                       96.84%
Test AUC:                        99.42%
Train AUC:                       96.90%
Test AUC:                        99.42%
Train AUC:                       96.96%
Test AUC:                        99.43%
Train AUC:                       97.01%
Test AUC:                        99.43%
Train AUC:                       97.05%
Test AUC:                        99.44%
Train AUC:                       97.09%
Test AUC:                        99.44%
Train AUC:                       97.15%
Test AUC:                        99.45%
Train AUC:                       97.17%
Test AUC:                        99.44%
Train AUC:                       97.21%
Test AUC:                        99.45%
Train AUC:                       97.25%
Test AUC:                        99.45%
Train AUC:                       97.29%
Test AUC:                        99.45%
Train AUC:                       97.35%
Test AUC:                        99.46%
Train AUC:                       97.41%
Test AUC:                        99.48%
Train AUC:                       97.44%
Test AUC:                        99.47%
Train AUC:                       97.49%
Test AUC:                        99.48%
Train AUC:                       97.53%
Test AUC:                        99.48%
Train AUC:                       97.56%
Test AUC:                        99.49%
Train AUC:                       97.60%
Test AUC:                        99.49%
Train AUC:                       97.65%
Test AUC:                        99.49%
Train AUC:                       97.68%
Test AUC:                        99.50%
Train AUC:                       97.73%
Test AUC:                        99.50%
Train AUC:                       97.77%
Test AUC:                        99.51%
Train AUC:                       97.79%
Test AUC:                        99.50%
Train AUC:                       97.83%
Test AUC:                        99.50%
Train AUC:                       97.87%
Test AUC:                        99.51%
Train AUC:                       97.88%
Test AUC:                        99.51%
Train AUC:                       97.91%
Test AUC:                        99.50%
Train AUC:                       97.94%
Test AUC:                        99.51%
Train AUC:                       97.97%
Test AUC:                        99.51%
Train AUC:                       98.00%
Test AUC:                        99.51%
Train AUC:                       98.02%
Test AUC:                        99.51%
Train AUC:                       98.05%
Test AUC:                        99.50%
Train AUC:                       98.08%
Test AUC:                        99.51%
Train AUC:                       98.10%
Test AUC:                        99.50%
Train AUC:                       98.12%
Test AUC:                        99.50%
Train AUC:                       98.15%
Test AUC:                        99.51%
Train AUC:                       98.17%
Test AUC:                        99.52%
Train AUC:                       98.20%
Test AUC:                        99.52%
Train AUC:                       98.22%
Test AUC:                        99.51%
Train AUC:                       98.25%
Test AUC:                        99.52%
Train AUC:                       98.29%
Test AUC:                        99.52%
Train AUC:                       98.32%
Test AUC:                        99.52%
Train AUC:                       98.35%
Test AUC:                        99.52%
Train AUC:                       98.37%
Test AUC:                        99.53%
Train AUC:                       98.39%
Test AUC:                        99.52%
Train AUC:                       98.41%
Test AUC:                        99.53%
Train AUC:                       98.43%
Test AUC:                        99.53%
Train AUC:                       98.46%
Test AUC:                        99.54%
Train AUC:                       98.48%
Test AUC:                        99.54%
Train AUC:                       98.51%
Test AUC:                        99.55%
Train AUC:                       98.53%
Test AUC:                        99.55%
Train AUC:                       98.54%
Test AUC:                        99.55%
Train AUC:                       98.57%
Test AUC:                        99.55%
Train AUC:                       98.59%
Test AUC:                        99.56%
Train AUC:                       98.60%
Test AUC:                        99.56%
Train AUC:                       98.64%
Test AUC:                        99.57%
Train AUC:                       98.67%
Test AUC:                        99.57%
Train AUC:                       98.69%
Test AUC:                        99.58%
Train AUC:                       98.71%
Test AUC:                        99.58%
Train AUC:                       98.71%
Test AUC:                        99.57%
Train AUC:                       98.73%
Test AUC:                        99.57%
Train AUC:                       98.74%
Test AUC:                        99.57%
Train AUC:                       98.76%
Test AUC:                        99.57%
Train AUC:                       98.78%
Test AUC:                        99.57%
Train AUC:                       98.80%
Test AUC:                        99.57%
Train AUC:                       98.82%
Test AUC:                        99.58%
Train AUC:                       98.82%
Test AUC:                        99.57%
Train AUC:                       98.84%
Test AUC:                        99.58%
Train AUC:                       98.85%
Test AUC:                        99.57%
Train AUC:                       98.87%
Test AUC:                        99.58%
Train AUC:                       98.88%
Test AUC:                        99.58%
Train AUC:                       98.88%
Test AUC:                        99.57%
Train AUC:                       98.90%
Test AUC:                        99.58%
Train AUC:                       98.92%
Test AUC:                        99.58%
Train AUC:                       98.94%
Test AUC:                        99.58%
Train AUC:                       98.96%
Test AUC:                        99.59%
Train AUC:                       98.97%
Test AUC:                        99.59%
Train AUC:                       98.98%
Test AUC:                        99.59%
Train AUC:                       98.99%
Test AUC:                        99.59%
Train AUC:                       99.01%
Test AUC:                        99.59%
Train AUC:                       99.02%
Test AUC:                        99.59%
Train AUC:                       99.04%
Test AUC:                        99.60%
Train AUC:                       99.06%
Test AUC:                        99.60%
Train AUC:                       99.08%
Test AUC:                        99.60%
Train AUC:                       99.10%
Test AUC:                        99.60%
Train AUC:                       99.12%
Test AUC:                        99.61%
Train AUC:                       99.14%
Test AUC:                        99.61%
Train AUC:                       99.16%
Test AUC:                        99.61%
Train AUC:                       99.18%
Test AUC:                        99.62%
Train AUC:                       99.18%
Test AUC:                        99.62%
Train AUC:                       99.19%
Test AUC:                        99.62%
Train AUC:                       99.21%
Test AUC:                        99.62%
Train AUC:                       99.23%
Test AUC:                        99.63%
Train AUC:                       99.24%
Test AUC:                        99.63%
Train AUC:                       99.25%
Test AUC:                        99.63%
Train AUC:                       99.27%
Test AUC:                        99.64%
Train AUC:     scripts/mnist_svdd.sh: line 23: 59818 Killed: 9               python baseline.py --dataset mnist --solver $solver --loss svdd --lr $lr --lr_drop 1 --lr_drop_in_epoch 50 --seed $seed --lr_drop_factor 10 --block_coordinate $block_coordinate --R_update_solver minimize_scalar --R_update_scalar_method bounded --R_update_lp_obj primal --use_batch_norm 1 --pretrain $pretrain --batch_size 200 --n_epochs $n_epochs --device $device --xp_dir $xp_dir --leaky_relu 1 --weight_decay 1 --C 1e6 --hard_margin $hard_margin --nu 0.1 --weight_dict_init 1 --unit_norm_used l1 --gcn 1 --mnist_rep_dim 32 --mnist_normal $mnist_normal --mnist_outlier $mnist_outlier
